<?xml version="1.0" encoding="UTF-8"?>
<!-- Generated by org.testng.reporters.JUnitXMLReporter -->
<testsuite hostname="Home" ignored="0" name="Login" tests="4" failures="0" timestamp="2023-03-30T13:11:17 PDT" time="16.174" errors="0">
  <testcase name="checkLoginError" time="0.928" classname="com.salesforce.testcases.LoginTestcases"/>
  <testcase name="checkRememberMe" time="1.893" classname="com.salesforce.testcases.LoginTestcases"/>
  <testcase name="forgotPassword" time="0.582" classname="com.salesforce.testcases.LoginTestcases"/>
  <testcase name="logIn" time="2.057" classname="com.salesforce.testcases.LoginTestcases"/>
</testsuite> <!-- Login -->
