<?xml version="1.0" encoding="UTF-8"?>
<!-- Generated by org.testng.reporters.JUnitXMLReporter -->
<testsuite hostname="Home" ignored="4" name="Default test" tests="1" failures="0" timestamp="2023-04-10T12:32:36 PDT" time="23.076" errors="0">
  <testcase name="Testcase16" time="19.98" classname="com.salesforce.testcases.CreateOptyTestcases"/>
  <testcase name="Testcase18" time="0.0" classname="com.salesforce.testcases.CreateOptyTestcases">
    <ignored/>
  </testcase> <!-- Testcase18 -->
  <testcase name="Testcase19" time="0.0" classname="com.salesforce.testcases.CreateOptyTestcases">
    <ignored/>
  </testcase> <!-- Testcase19 -->
  <testcase name="Testcase17" time="0.0" classname="com.salesforce.testcases.CreateOptyTestcases">
    <ignored/>
  </testcase> <!-- Testcase17 -->
  <testcase name="Testcase15" time="0.0" classname="com.salesforce.testcases.CreateOptyTestcases">
    <ignored/>
  </testcase> <!-- Testcase15 -->
</testsuite> <!-- Default test -->
