<?xml version="1.0" encoding="UTF-8"?>
<testng-results skipped="0" failed="0" ignored="0" total="1" passed="1">
  <reporter-output>
  </reporter-output>
  <suite name="Salesforce" duration-ms="4164" started-at="2023-03-27T18:53:18 PDT" finished-at="2023-03-27T18:53:22 PDT">
    <groups>
    </groups>
    <test name="Login" duration-ms="4164" started-at="2023-03-27T18:53:18 PDT" finished-at="2023-03-27T18:53:22 PDT">
      <class name="com.salesforce.testcases.LoginTestcases">
        <test-method status="PASS" signature="beforeMethod(java.lang.String)[pri:0, instance:com.salesforce.testcases.LoginTestcases@467aecef]" name="beforeMethod" is-config="true" duration-ms="3135" started-at="2023-03-27T18:53:18 PDT" finished-at="2023-03-27T18:53:21 PDT">
          <params>
            <param index="0">
              <value>
                <![CDATA[chrome]]>
              </value>
            </param>
          </params>
          <reporter-output>
          </reporter-output>
        </test-method> <!-- beforeMethod -->
        <test-method status="PASS" signature="logIn()[pri:0, instance:com.salesforce.testcases.LoginTestcases@467aecef]" name="logIn" duration-ms="748" started-at="2023-03-27T18:53:21 PDT" finished-at="2023-03-27T18:53:22 PDT">
          <reporter-output>
          </reporter-output>
        </test-method> <!-- logIn -->
        <test-method status="PASS" signature="afterMethod()[pri:0, instance:com.salesforce.testcases.LoginTestcases@467aecef]" name="afterMethod" is-config="true" duration-ms="241" started-at="2023-03-27T18:53:22 PDT" finished-at="2023-03-27T18:53:22 PDT">
          <reporter-output>
          </reporter-output>
        </test-method> <!-- afterMethod -->
      </class> <!-- com.salesforce.testcases.LoginTestcases -->
    </test> <!-- Login -->
  </suite> <!-- Salesforce -->
</testng-results>
