<?xml version="1.0" encoding="UTF-8"?>
<testng-results skipped="0" failed="0" ignored="4" total="5" passed="1">
  <reporter-output>
  </reporter-output>
  <suite name="Default suite" duration-ms="23076" started-at="2023-04-10T12:32:13 PDT" finished-at="2023-04-10T12:32:36 PDT">
    <groups>
    </groups>
    <test name="Default test" duration-ms="23076" started-at="2023-04-10T12:32:13 PDT" finished-at="2023-04-10T12:32:36 PDT">
      <class name="com.salesforce.testcases.CreateOptyTestcases">
        <test-method status="PASS" signature="beforeMethod()[pri:0, instance:com.salesforce.testcases.CreateOptyTestcases@38bc8ab5]" name="beforeMethod" is-config="true" duration-ms="3061" started-at="2023-04-10T12:32:13 PDT" finished-at="2023-04-10T12:32:16 PDT">
          <reporter-output>
          </reporter-output>
        </test-method> <!-- beforeMethod -->
        <test-method status="PASS" signature="Testcase16()[pri:0, instance:com.salesforce.testcases.CreateOptyTestcases@38bc8ab5]" name="Testcase16" duration-ms="19980" started-at="2023-04-10T12:32:16 PDT" finished-at="2023-04-10T12:32:36 PDT">
          <reporter-output>
          </reporter-output>
        </test-method> <!-- Testcase16 -->
      </class> <!-- com.salesforce.testcases.CreateOptyTestcases -->
    </test> <!-- Default test -->
  </suite> <!-- Default suite -->
</testng-results>
